<?xml version="1.0" encoding="UTF-8"?>
<!-- Generated by org.testng.reporters.JUnitXMLReporter -->
<testsuite ignored="0" hostname="LAPTOP-5KMFOFH9" failures="0" tests="2" name="Default test" time="20.28" errors="0" timestamp="2022-11-28T23:05:16 IST">
  <testcase classname="com.SwagLabs.Test.OraderDescriptionPageTest" name="verifyProductInfo" time="0.148"/>
  <testcase classname="com.SwagLabs.Test.OraderDescriptionPageTest" name="doFinishProcess" time="2.312"/>
</testsuite> <!-- Default test -->
