<?xml version="1.0" encoding="UTF-8"?>
<testng-results ignored="0" total="2" passed="2" failed="0" skipped="0">
  <reporter-output>
    <line>
      <![CDATA[Browser started....]]>
    </line>
    <line>
      <![CDATA[SwagLab Application is Running on Browser]]>
    </line>
    <line>
      <![CDATA[User Login is completed]]>
    </line>
    <line>
      <![CDATA[Product page details and product selected]]>
    </line>
    <line>
      <![CDATA[User Checkout process in running]]>
    </line>
    <line>
      <![CDATA[Process of checkout completed!]]>
    </line>
  </reporter-output>
  <suite started-at="2022-11-29T21:16:49 IST" name="Suite" finished-at="2022-11-29T21:17:07 IST" duration-ms="18627">
    <groups>
    </groups>
    <test started-at="2022-11-29T21:16:49 IST" name="Test" finished-at="2022-11-29T21:17:07 IST" duration-ms="18627">
      <class name="com.SwagLabs.Test.OraderDescriptionPageTest">
        <test-method is-config="true" signature="setupReport()[pri:0, instance:com.SwagLabs.Test.OraderDescriptionPageTest@6580cfdd]" started-at="2022-11-29T21:16:48 IST" name="setupReport" finished-at="2022-11-29T21:16:49 IST" duration-ms="291" status="PASS">
          <reporter-output>
          </reporter-output>
        </test-method> <!-- setupReport -->
        <test-method is-config="true" signature="setup()[pri:0, instance:com.SwagLabs.Test.OraderDescriptionPageTest@6580cfdd]" started-at="2022-11-29T21:16:49 IST" name="setup" finished-at="2022-11-29T21:16:54 IST" duration-ms="5650" status="PASS">
          <reporter-output>
            <line>
              <![CDATA[Browser started....]]>
            </line>
          </reporter-output>
        </test-method> <!-- setup -->
        <test-method is-config="true" signature="pageSetup()[pri:0, instance:com.SwagLabs.Test.OraderDescriptionPageTest@6580cfdd]" started-at="2022-11-29T21:16:54 IST" name="pageSetup" finished-at="2022-11-29T21:17:05 IST" duration-ms="10343" status="PASS">
          <reporter-output>
            <line>
              <![CDATA[SwagLab Application is Running on Browser]]>
            </line>
            <line>
              <![CDATA[User Login is completed]]>
            </line>
            <line>
              <![CDATA[Product page details and product selected]]>
            </line>
            <line>
              <![CDATA[User Checkout process in running]]>
            </line>
            <line>
              <![CDATA[Process of checkout completed!]]>
            </line>
          </reporter-output>
        </test-method> <!-- pageSetup -->
        <test-method signature="verifyProductInfo()[pri:1, instance:com.SwagLabs.Test.OraderDescriptionPageTest@6580cfdd]" started-at="2022-11-29T21:17:05 IST" name="verifyProductInfo" finished-at="2022-11-29T21:17:05 IST" duration-ms="100" status="PASS">
          <reporter-output>
          </reporter-output>
        </test-method> <!-- verifyProductInfo -->
        <test-method signature="doFinishProcess()[pri:2, instance:com.SwagLabs.Test.OraderDescriptionPageTest@6580cfdd]" started-at="2022-11-29T21:17:05 IST" name="doFinishProcess" finished-at="2022-11-29T21:17:07 IST" duration-ms="2196" status="PASS">
          <reporter-output>
          </reporter-output>
        </test-method> <!-- doFinishProcess -->
        <test-method is-config="true" signature="tearDown()[pri:0, instance:com.SwagLabs.Test.OraderDescriptionPageTest@6580cfdd]" started-at="2022-11-29T21:17:07 IST" name="tearDown" finished-at="2022-11-29T21:17:07 IST" duration-ms="300" status="PASS">
          <reporter-output>
          </reporter-output>
        </test-method> <!-- tearDown -->
        <test-method is-config="true" signature="closeProcess()[pri:0, instance:com.SwagLabs.Test.OraderDescriptionPageTest@6580cfdd]" started-at="2022-11-29T21:17:07 IST" name="closeProcess" finished-at="2022-11-29T21:17:08 IST" duration-ms="554" status="PASS">
          <reporter-output>
          </reporter-output>
        </test-method> <!-- closeProcess -->
      </class> <!-- com.SwagLabs.Test.OraderDescriptionPageTest -->
    </test> <!-- Test -->
  </suite> <!-- Suite -->
</testng-results>
