<?xml version="1.0" encoding="UTF-8"?>
<testng-results ignored="0" total="2" passed="2" failed="0" skipped="0">
  <reporter-output>
    <line>
      <![CDATA[Browser started....]]>
    </line>
    <line>
      <![CDATA[SwagLab Application is Running on Browser]]>
    </line>
    <line>
      <![CDATA[User Login is completed]]>
    </line>
    <line>
      <![CDATA[Product page details and product selected]]>
    </line>
    <line>
      <![CDATA[User Checkout process in running]]>
    </line>
    <line>
      <![CDATA[Process of checkout completed!]]>
    </line>
  </reporter-output>
  <suite started-at="2022-11-29T19:37:57 IST" name="Suite" finished-at="2022-11-29T19:38:21 IST" duration-ms="23585">
    <groups>
    </groups>
    <test started-at="2022-11-29T19:37:57 IST" name="Test" finished-at="2022-11-29T19:38:21 IST" duration-ms="23585">
      <class name="com.SwagLabs.Test.OraderDescriptionPageTest">
        <test-method is-config="true" signature="setupReport()[pri:0, instance:com.SwagLabs.Test.OraderDescriptionPageTest@53ce1329]" started-at="2022-11-29T19:37:56 IST" name="setupReport" finished-at="2022-11-29T19:37:57 IST" duration-ms="873" status="PASS">
          <reporter-output>
          </reporter-output>
        </test-method> <!-- setupReport -->
        <test-method is-config="true" signature="setup()[pri:0, instance:com.SwagLabs.Test.OraderDescriptionPageTest@53ce1329]" started-at="2022-11-29T19:37:57 IST" name="setup" finished-at="2022-11-29T19:38:06 IST" duration-ms="9282" status="PASS">
          <reporter-output>
            <line>
              <![CDATA[Browser started....]]>
            </line>
          </reporter-output>
        </test-method> <!-- setup -->
        <test-method is-config="true" signature="pageSetup()[pri:0, instance:com.SwagLabs.Test.OraderDescriptionPageTest@53ce1329]" started-at="2022-11-29T19:38:06 IST" name="pageSetup" finished-at="2022-11-29T19:38:18 IST" duration-ms="11729" status="PASS">
          <reporter-output>
            <line>
              <![CDATA[SwagLab Application is Running on Browser]]>
            </line>
            <line>
              <![CDATA[User Login is completed]]>
            </line>
            <line>
              <![CDATA[Product page details and product selected]]>
            </line>
            <line>
              <![CDATA[User Checkout process in running]]>
            </line>
            <line>
              <![CDATA[Process of checkout completed!]]>
            </line>
          </reporter-output>
        </test-method> <!-- pageSetup -->
        <test-method signature="verifyProductInfo()[pri:1, instance:com.SwagLabs.Test.OraderDescriptionPageTest@53ce1329]" started-at="2022-11-29T19:38:18 IST" name="verifyProductInfo" finished-at="2022-11-29T19:38:18 IST" duration-ms="173" status="PASS">
          <reporter-output>
          </reporter-output>
        </test-method> <!-- verifyProductInfo -->
        <test-method signature="doFinishProcess()[pri:2, instance:com.SwagLabs.Test.OraderDescriptionPageTest@53ce1329]" started-at="2022-11-29T19:38:18 IST" name="doFinishProcess" finished-at="2022-11-29T19:38:21 IST" duration-ms="2316" status="PASS">
          <reporter-output>
          </reporter-output>
        </test-method> <!-- doFinishProcess -->
        <test-method is-config="true" signature="closeProcess()[pri:0, instance:com.SwagLabs.Test.OraderDescriptionPageTest@53ce1329]" started-at="2022-11-29T19:38:21 IST" name="closeProcess" finished-at="2022-11-29T19:38:21 IST" duration-ms="673" status="PASS">
          <reporter-output>
          </reporter-output>
        </test-method> <!-- closeProcess -->
      </class> <!-- com.SwagLabs.Test.OraderDescriptionPageTest -->
    </test> <!-- Test -->
  </suite> <!-- Suite -->
</testng-results>
